0 info it worked if it ends with ok
1 verbose cli [ '/usr/bin/node', '/usr/bin/npm', 'install', '-g', 'plugman' ]
2 info using npm@1.4.28
3 info using node@v0.10.36
4 verbose node symlink /usr/bin/node
5 verbose cache add [ 'plugman', null ]
6 verbose cache add name=undefined spec="plugman" args=["plugman",null]
7 verbose parsed url { protocol: null,
7 verbose parsed url   slashes: null,
7 verbose parsed url   auth: null,
7 verbose parsed url   host: null,
7 verbose parsed url   port: null,
7 verbose parsed url   hostname: null,
7 verbose parsed url   hash: null,
7 verbose parsed url   search: null,
7 verbose parsed url   query: null,
7 verbose parsed url   pathname: 'plugman',
7 verbose parsed url   path: 'plugman',
7 verbose parsed url   href: 'plugman' }
8 silly lockFile 3c17847d-plugman plugman
9 verbose lock plugman /home/fer/.npm/3c17847d-plugman.lock
10 silly lockFile 3c17847d-plugman plugman
11 silly lockFile 3c17847d-plugman plugman
12 verbose addNamed [ 'plugman', '' ]
13 verbose addNamed [ null, '*' ]
14 silly lockFile 9ad59204-plugman plugman@
15 verbose lock plugman@ /home/fer/.npm/9ad59204-plugman.lock
16 silly addNameRange { name: 'plugman', range: '*', hasData: false }
17 verbose request where is /plugman
18 verbose request registry https://registry.npmjs.org/
19 verbose request id 5f12cac50e8b69a9
20 verbose url raw /plugman
21 verbose url resolving [ 'https://registry.npmjs.org/', './plugman' ]
22 verbose url resolved https://registry.npmjs.org/plugman
23 verbose request where is https://registry.npmjs.org/plugman
24 info trying registry request attempt 1 at 11:55:43
25 http GET https://registry.npmjs.org/plugman
26 http 200 https://registry.npmjs.org/plugman
27 silly registry.get cb [ 200,
27 silly registry.get   { date: 'Sat, 07 Mar 2015 10:55:44 GMT',
27 silly registry.get     server: 'CouchDB/1.5.0 (Erlang OTP/R16B03)',
27 silly registry.get     etag: '"DLKHM3XTD6U8CJI4RZXQ3HH9Z"',
27 silly registry.get     'content-type': 'application/json',
27 silly registry.get     'cache-control': 'max-age=60',
27 silly registry.get     'content-length': '139576',
27 silly registry.get     'accept-ranges': 'bytes',
27 silly registry.get     via: '1.1 varnish',
27 silly registry.get     age: '0',
27 silly registry.get     'x-served-by': 'cache-ams4136-AMS',
27 silly registry.get     'x-cache': 'MISS',
27 silly registry.get     'x-cache-hits': '0',
27 silly registry.get     'x-timer': 'S1425725743.779138,VS0,VE383',
27 silly registry.get     vary: 'Accept',
27 silly registry.get     'keep-alive': 'timeout=10, max=50',
27 silly registry.get     connection: 'Keep-Alive' } ]
28 silly addNameRange number 2 { name: 'plugman', range: '*', hasData: true }
29 silly addNameRange versions [ 'plugman',
29 silly addNameRange   [ '0.5.6',
29 silly addNameRange     '0.5.7',
29 silly addNameRange     '0.5.8',
29 silly addNameRange     '0.5.9',
29 silly addNameRange     '0.6.0',
29 silly addNameRange     '0.6.1',
29 silly addNameRange     '0.6.2',
29 silly addNameRange     '0.6.3',
29 silly addNameRange     '0.7.0',
29 silly addNameRange     '0.7.1',
29 silly addNameRange     '0.7.2',
29 silly addNameRange     '0.7.3',
29 silly addNameRange     '0.7.4',
29 silly addNameRange     '0.7.5',
29 silly addNameRange     '0.7.6',
29 silly addNameRange     '0.7.7',
29 silly addNameRange     '0.7.8',
29 silly addNameRange     '0.7.9',
29 silly addNameRange     '0.7.10',
29 silly addNameRange     '0.7.11',
29 silly addNameRange     '0.7.12',
29 silly addNameRange     '0.7.13',
29 silly addNameRange     '0.7.14',
29 silly addNameRange     '0.8.0',
29 silly addNameRange     '0.8.1',
29 silly addNameRange     '0.8.2',
29 silly addNameRange     '0.9.0',
29 silly addNameRange     '0.9.1',
29 silly addNameRange     '0.9.2',
29 silly addNameRange     '0.9.3',
29 silly addNameRange     '0.9.4',
29 silly addNameRange     '0.9.5',
29 silly addNameRange     '0.9.6',
29 silly addNameRange     '0.9.7',
29 silly addNameRange     '0.9.8',
29 silly addNameRange     '0.9.9',
29 silly addNameRange     '0.9.10',
29 silly addNameRange     '0.9.11',
29 silly addNameRange     '0.9.20',
29 silly addNameRange     '0.9.21',
29 silly addNameRange     '0.9.22',
29 silly addNameRange     '0.9.23',
29 silly addNameRange     '0.10.0',
29 silly addNameRange     '0.10.1',
29 silly addNameRange     '0.11.0',
29 silly addNameRange     '0.12.0',
29 silly addNameRange     '0.13.0',
29 silly addNameRange     '0.14.0',
29 silly addNameRange     '0.15.0',
29 silly addNameRange     '0.16.0',
29 silly addNameRange     '0.17.0',
29 silly addNameRange     '0.18.0',
29 silly addNameRange     '0.19.0',
29 silly addNameRange     '0.20.0',
29 silly addNameRange     '0.20.1',
29 silly addNameRange     '0.20.2',
29 silly addNameRange     '0.21.0',
29 silly addNameRange     '0.22.0',
29 silly addNameRange     '0.22.1',
29 silly addNameRange     '0.22.2',
29 silly addNameRange     '0.22.4',
29 silly addNameRange     '0.22.5',
29 silly addNameRange     '0.22.6',
29 silly addNameRange     '0.22.7',
29 silly addNameRange     '0.22.8',
29 silly addNameRange     '0.22.9',
29 silly addNameRange     '0.22.10',
29 silly addNameRange     '0.22.11',
29 silly addNameRange     '0.22.12',
29 silly addNameRange     '0.22.14',
29 silly addNameRange     '0.22.15',
29 silly addNameRange     '0.22.16',
29 silly addNameRange     '0.22.17',
29 silly addNameRange     '0.23.0' ] ]
30 verbose addNamed [ 'plugman', '0.23.0' ]
31 verbose addNamed [ '0.23.0', '0.23.0' ]
32 silly lockFile 2b5b7f6b-plugman-0-23-0 plugman@0.23.0
33 verbose lock plugman@0.23.0 /home/fer/.npm/2b5b7f6b-plugman-0-23-0.lock
34 silly lockFile 3e02a493-s-org-plugman-plugman-0-23-0-tgz https://registry.npmjs.org/plugman/-/plugman-0.23.0.tgz
35 verbose lock https://registry.npmjs.org/plugman/-/plugman-0.23.0.tgz /home/fer/.npm/3e02a493-s-org-plugman-plugman-0-23-0-tgz.lock
36 verbose addRemoteTarball [ 'https://registry.npmjs.org/plugman/-/plugman-0.23.0.tgz',
36 verbose addRemoteTarball   '36a0a7208b5a0ee9c7e53948e601f050f6e46b3e' ]
37 info retry fetch attempt 1 at 11:55:44
38 verbose fetch to= /tmp/npm-13500-V2HBBE1W/registry.npmjs.org/plugman/-/plugman-0.23.0.tgz
39 http GET https://registry.npmjs.org/plugman/-/plugman-0.23.0.tgz
40 http 200 https://registry.npmjs.org/plugman/-/plugman-0.23.0.tgz
41 silly lockFile 3e02a493-s-org-plugman-plugman-0-23-0-tgz https://registry.npmjs.org/plugman/-/plugman-0.23.0.tgz
42 silly lockFile 3e02a493-s-org-plugman-plugman-0-23-0-tgz https://registry.npmjs.org/plugman/-/plugman-0.23.0.tgz
43 silly lockFile 2b5b7f6b-plugman-0-23-0 plugman@0.23.0
44 silly lockFile 2b5b7f6b-plugman-0-23-0 plugman@0.23.0
45 silly lockFile 9ad59204-plugman plugman@
46 silly lockFile 9ad59204-plugman plugman@
47 silly resolved [ { author: { name: 'Andrew Lunny', email: 'alunny@gmail.com' },
47 silly resolved     name: 'plugman',
47 silly resolved     description: 'install/uninstall Cordova plugins',
47 silly resolved     version: '0.23.0',
47 silly resolved     repository:
47 silly resolved      { type: 'git',
47 silly resolved        url: 'git://git-wip-us.apache.org/repos/asf/cordova-plugman.git' },
47 silly resolved     bugs:
47 silly resolved      { url: 'https://issues.apache.org/jira/browse/CB',
47 silly resolved        email: 'dev@cordova.apache.org' },
47 silly resolved     main: 'plugman.js',
47 silly resolved     engines: { node: '>=0.9.9' },
47 silly resolved     engineStrict: true,
47 silly resolved     dependencies:
47 silly resolved      { 'cordova-lib': '4.3.0',
47 silly resolved        nopt: '1.0.9',
47 silly resolved        underscore: '1.7.0',
47 silly resolved        q: '1.0.1',
47 silly resolved        npm: '1.3.4',
47 silly resolved        rc: '0.5.2' },
47 silly resolved     devDependencies: { jshint: '2.5.8', 'jasmine-node': '1.14.5' },
47 silly resolved     bin: { plugman: './main.js' },
47 silly resolved     scripts:
47 silly resolved      { test: 'npm run jasmine && npm run jshint',
47 silly resolved        jshint: 'node node_modules/jshint/bin/jshint src',
47 silly resolved        jasmine: 'jasmine-node --captureExceptions --color spec' },
47 silly resolved     contributors:
47 silly resolved      [ [Object],
47 silly resolved        [Object],
47 silly resolved        [Object],
47 silly resolved        [Object],
47 silly resolved        [Object],
47 silly resolved        [Object],
47 silly resolved        [Object],
47 silly resolved        [Object],
47 silly resolved        [Object],
47 silly resolved        [Object],
47 silly resolved        [Object] ],
47 silly resolved     _id: 'plugman@0.23.0',
47 silly resolved     _shasum: '36a0a7208b5a0ee9c7e53948e601f050f6e46b3e',
47 silly resolved     _resolved: 'https://registry.npmjs.org/plugman/-/plugman-0.23.0.tgz',
47 silly resolved     _from: 'plugman@',
47 silly resolved     _npmVersion: '2.5.1',
47 silly resolved     _nodeVersion: '0.10.36',
47 silly resolved     _npmUser: { name: 'stevegill', email: 'stevengill97@gmail.com' },
47 silly resolved     maintainers:
47 silly resolved      [ [Object],
47 silly resolved        [Object],
47 silly resolved        [Object],
47 silly resolved        [Object],
47 silly resolved        [Object],
47 silly resolved        [Object],
47 silly resolved        [Object],
47 silly resolved        [Object],
47 silly resolved        [Object],
47 silly resolved        [Object],
47 silly resolved        [Object],
47 silly resolved        [Object],
47 silly resolved        [Object] ],
47 silly resolved     dist:
47 silly resolved      { shasum: '36a0a7208b5a0ee9c7e53948e601f050f6e46b3e',
47 silly resolved        tarball: 'http://registry.npmjs.org/plugman/-/plugman-0.23.0.tgz' },
47 silly resolved     directories: {} } ]
48 info install plugman@0.23.0 into /usr/lib
49 info installOne plugman@0.23.0
50 verbose lib/node_modules/plugman unbuild
51 verbose tar unpack /home/fer/.npm/plugman/0.23.0/package.tgz
52 silly lockFile 5cfb68f1-tar-usr-lib-node-modules-plugman tar:///usr/lib/node_modules/plugman
53 verbose lock tar:///usr/lib/node_modules/plugman /home/fer/.npm/5cfb68f1-tar-usr-lib-node-modules-plugman.lock
54 silly lockFile eb2c355e-r-npm-plugman-0-23-0-package-tgz tar:///home/fer/.npm/plugman/0.23.0/package.tgz
55 verbose lock tar:///home/fer/.npm/plugman/0.23.0/package.tgz /home/fer/.npm/eb2c355e-r-npm-plugman-0-23-0-package-tgz.lock
56 silly gunzTarPerm modes [ '775', '664' ]
57 error Error: EACCES, mkdir '/usr/lib/node_modules/plugman'
57 error  { [Error: EACCES, mkdir '/usr/lib/node_modules/plugman']
57 error   errno: 3,
57 error   code: 'EACCES',
57 error   path: '/usr/lib/node_modules/plugman',
57 error   fstream_type: 'Directory',
57 error   fstream_path: '/usr/lib/node_modules/plugman',
57 error   fstream_class: 'DirWriter',
57 error   fstream_stack:
57 error    [ '/usr/lib/node_modules/npm/node_modules/fstream/lib/dir-writer.js:36:23',
57 error      '/usr/lib/node_modules/npm/node_modules/mkdirp/index.js:46:53',
57 error      'Object.oncomplete (fs.js:108:15)' ] }
58 error Please try running this command again as root/Administrator.
59 error System Linux 3.16.0-31-generic
60 error command "/usr/bin/node" "/usr/bin/npm" "install" "-g" "plugman"
61 error cwd /home/fer/Proyectos/crosswalk/test
62 error node -v v0.10.36
63 error npm -v 1.4.28
64 error path /usr/lib/node_modules/plugman
65 error fstream_path /usr/lib/node_modules/plugman
66 error fstream_type Directory
67 error fstream_class DirWriter
68 error code EACCES
69 error errno 3
70 error stack Error: EACCES, mkdir '/usr/lib/node_modules/plugman'
71 error fstream_stack /usr/lib/node_modules/npm/node_modules/fstream/lib/dir-writer.js:36:23
71 error fstream_stack /usr/lib/node_modules/npm/node_modules/mkdirp/index.js:46:53
71 error fstream_stack Object.oncomplete (fs.js:108:15)
72 verbose exit [ 3, true ]
